2025-09-19 06:09:50 +0000  Initial pipeline context: <IDEDistributionProcessingPipelineContext: 0x33d3c2a60; archive(resolved)="<IDEArchive: 0x6000153ce760>", distributionTask(resolved)="2", distributionDestination(resolved)="2", distributionMethod(resolved)="<IDEDistributionMethodiOSAppStoreDistribution: 0x60000ba85ce0>", team(resolved)="<IDEProvisioningDisambiguatableBasicTeam: 0x60000656d6c0; teamID='ZB3NZXVH3T', teamName='Yasushi Kawaguchi', teamType='Individual', username='chibiyasu2@yahoo.co.jp', isFreeProvisioningTeam='0'>">
	Chain (17, self inclusive):
	<IDEDistributionProcessingPipelineContext: 0x33d3c2a60; archive = "<IDEArchive: 0x6000153ce760>", distributionMethod="<IDEDistributionMethodiOSAppStoreDistribution: 0x60000ba85ce0>", team="<IDEProvisioningDisambiguatableBasicTeam: 0x60000656d6c0; teamID='ZB3NZXVH3T', teamName='Yasushi Kawaguchi', teamType='Individual', username='chibiyasu2@yahoo.co.jp', isFreeProvisioningTeam='0'>">
	<IDEDistributionProcessingPipelineContext: 0x350bf1ed0; archive = "<IDEArchive: 0x6000153ce760>", distributionMethod="<IDEDistributionMethodiOSAppStoreDistribution: 0x60000ba85ce0>", team="<IDEProvisioningDisambiguatableBasicTeam: 0x60000656d6c0; teamID='ZB3NZXVH3T', teamName='Yasushi Kawaguchi', teamType='Individual', username='chibiyasu2@yahoo.co.jp', isFreeProvisioningTeam='0'>">
	<IDEDistributionContext: 0x350f90360; archive = "<IDEArchive: 0x6000153ce760>", distributionMethod="<IDEDistributionMethodiOSAppStoreDistribution: 0x60000ba85ce0>", team="<IDEProvisioningDisambiguatableBasicTeam: 0x60000656d6c0; teamID='ZB3NZXVH3T', teamName='Yasushi Kawaguchi', teamType='Individual', username='chibiyasu2@yahoo.co.jp', isFreeProvisioningTeam='0'>">
	<IDEDistributionContext: 0x339ed0660; archive = "<IDEArchive: 0x6000153ce760>", distributionMethod="<IDEDistributionMethodiOSAppStoreDistribution: 0x60000ba85ce0>", team="<IDEProvisioningDisambiguatableBasicTeam: 0x60000656d6c0; teamID='ZB3NZXVH3T', teamName='Yasushi Kawaguchi', teamType='Individual', username='chibiyasu2@yahoo.co.jp', isFreeProvisioningTeam='0'>">
	<IDEDistributionContext: 0x33aa31660; archive = "<IDEArchive: 0x6000153ce760>", distributionMethod="<IDEDistributionMethodiOSAppStoreDistribution: 0x60000ba85ce0>", team="<IDEProvisioningDisambiguatableBasicTeam: 0x60000656d6c0; teamID='ZB3NZXVH3T', teamName='Yasushi Kawaguchi', teamType='Individual', username='chibiyasu2@yahoo.co.jp', isFreeProvisioningTeam='0'>">
	<IDEDistributionContext: 0x351e3f790; archive = "<IDEArchive: 0x6000153ce760>", distributionMethod="<IDEDistributionMethodiOSAppStoreDistribution: 0x60000ba85ce0>", team="<IDEProvisioningDisambiguatableBasicTeam: 0x60000656d6c0; teamID='ZB3NZXVH3T', teamName='Yasushi Kawaguchi', teamType='Individual', username='chibiyasu2@yahoo.co.jp', isFreeProvisioningTeam='0'>">
	<IDEDistributionContext: 0x33d321e10; archive = "<IDEArchive: 0x6000153ce760>", distributionMethod="<IDEDistributionMethodiOSAppStoreDistribution: 0x60000ba85ce0>", team="<IDEProvisioningDisambiguatableBasicTeam: 0x60000656d6c0; teamID='ZB3NZXVH3T', teamName='Yasushi Kawaguchi', teamType='Individual', username='chibiyasu2@yahoo.co.jp', isFreeProvisioningTeam='0'>">
	<IDEDistributionContext: 0x34d7b8e00; archive = "<IDEArchive: 0x6000153ce760>", distributionMethod="<IDEDistributionMethodiOSAppStoreDistribution: 0x60000ba85ce0>", team="<IDEProvisioningDisambiguatableBasicTeam: 0x60000656d6c0; teamID='ZB3NZXVH3T', teamName='Yasushi Kawaguchi', teamType='Individual', username='chibiyasu2@yahoo.co.jp', isFreeProvisioningTeam='0'>">
	<IDEDistributionContext: 0x33d31b010; archive = "<IDEArchive: 0x6000153ce760>", distributionMethod="<IDEDistributionMethodiOSAppStoreDistribution: 0x60000ba85ce0>", team="<IDEProvisioningDisambiguatableBasicTeam: 0x60000656d6c0; teamID='ZB3NZXVH3T', teamName='Yasushi Kawaguchi', teamType='Individual', username='chibiyasu2@yahoo.co.jp', isFreeProvisioningTeam='0'>">
	<IDEDistributionContext: 0x33d31ab00; archive = "<IDEArchive: 0x6000153ce760>", distributionMethod="<IDEDistributionMethodiOSAppStoreDistribution: 0x60000ba85ce0>", team="<IDEProvisioningDisambiguatableBasicTeam: 0x60000656d6c0; teamID='ZB3NZXVH3T', teamName='Yasushi Kawaguchi', teamType='Individual', username='chibiyasu2@yahoo.co.jp', isFreeProvisioningTeam='0'>">
	<IDEDistributionContext: 0x3394e42b0; archive = "<IDEArchive: 0x6000153ce760>", distributionMethod="<IDEDistributionMethodiOSAppStoreDistribution: 0x60000ba85ce0>", team="<IDEProvisioningDisambiguatableBasicTeam: 0x60000656d6c0; teamID='ZB3NZXVH3T', teamName='Yasushi Kawaguchi', teamType='Individual', username='chibiyasu2@yahoo.co.jp', isFreeProvisioningTeam='0'>">
	<IDEDistributionContext: 0x33cafb360; archive = "<IDEArchive: 0x6000153ce760>", distributionMethod="<IDEDistributionMethodiOSAppStoreDistribution: 0x60000ba85ce0>", team="<IDEProvisioningDisambiguatableBasicTeam: 0x60000656d6c0; teamID='ZB3NZXVH3T', teamName='Yasushi Kawaguchi', teamType='Individual', username='chibiyasu2@yahoo.co.jp', isFreeProvisioningTeam='0'>">
	<IDEDistributionContext: 0x33d3c3500; archive = "<IDEArchive: 0x6000153ce760>", distributionMethod="<IDEDistributionMethodiOSAppStoreDistribution: 0x60000ba85ce0>", team="(null)">
	<IDEDistributionContext: 0x33d3c3740; archive = "<IDEArchive: 0x6000153ce760>", distributionMethod="<IDEDistributionMethodiOSAppStoreDistribution: 0x60000ba85ce0>", team="(null)">
	<IDEDistributionContext: 0x33c217a80; archive = "<IDEArchive: 0x6000153ce760>", distributionMethod="(null)", team="(null)">
	<IDEDistributionContext: 0x3393e2240; archive = "<IDEArchive: 0x6000153ce760>", distributionMethod="(null)", team="(null)">
	<IDEDistributionContext: 0x33d3b4710; archive = "<IDEArchive: 0x6000153ce760>", distributionMethod="(null)", team="(null)">
</IDEDistributionProcessingPipelineContext: 0x33d3c2a60>
2025-09-19 06:09:50 +0000  Processing step: IDEDistributionCreateDestRootStep
2025-09-19 06:09:50 +0000  Processing step: IDEDistributionCopyItemStep
2025-09-19 06:09:50 +0000  Running /usr/bin/ditto '-V' '/Users/apple/Library/Developer/Xcode/Archives/2025-09-19/TennisServeAnalyzer 2025-09-19, 15.09.xcarchive/Products/Applications/TennisServeAnalyzer.app' '/var/folders/g3/8p2fhk61683010h_lskf7sg80000gn/T/XcodeDistPipeline.~~~piCjJv/Root/Payload/TennisServeAnalyzer.app'
2025-09-19 06:09:50 +0000  >>> Copying /Users/apple/Library/Developer/Xcode/Archives/2025-09-19/TennisServeAnalyzer 2025-09-19, 15.09.xcarchive/Products/Applications/TennisServeAnalyzer.app 
2025-09-19 06:09:50 +0000  copying file ./_CodeSignature/CodeResources ... 
2025-09-19 06:09:50 +0000  29349 bytes for ./_CodeSignature/CodeResources
2025-09-19 06:09:50 +0000  copying file ./Fontisto.ttf ... 
2025-09-19 06:09:50 +0000  313528 bytes for ./Fontisto.ttf
copying file ./Octicons.ttf ... 
2025-09-19 06:09:50 +0000  49404 bytes for ./Octicons.ttf
2025-09-19 06:09:50 +0000  copying file ./Feather.ttf ... 
2025-09-19 06:09:50 +0000  56228 bytes for ./Feather.ttf
2025-09-19 06:09:50 +0000  copying file ./SplashScreen.storyboardc/EXPO-VIEWCONTROLLER-1-view-EXPO-ContainerView.nib ... 
2025-09-19 06:09:50 +0000  2190 bytes for ./SplashScreen.storyboardc/EXPO-VIEWCONTROLLER-1-view-EXPO-ContainerView.nib
2025-09-19 06:09:50 +0000  copying file ./SplashScreen.storyboardc/SplashScreenViewController.nib ... 
2025-09-19 06:09:50 +0000  1004 bytes for ./SplashScreen.storyboardc/SplashScreenViewController.nib
2025-09-19 06:09:50 +0000  copying file ./SplashScreen.storyboardc/Info.plist ... 
2025-09-19 06:09:50 +0000  225 bytes for ./SplashScreen.storyboardc/Info.plist
2025-09-19 06:09:50 +0000  copying file ./FontAwesome6_Regular.ttf ... 
2025-09-19 06:09:50 +0000  67976 bytes for ./FontAwesome6_Regular.ttf
2025-09-19 06:09:50 +0000  copying file ./Entypo.ttf ... 
2025-09-19 06:09:50 +0000  66200 bytes for ./Entypo.ttf
2025-09-19 06:09:50 +0000  copying file ./FontAwesome5_Brands.ttf ... 
2025-09-19 06:09:50 +0000  134040 bytes for ./FontAwesome5_Brands.ttf
2025-09-19 06:09:50 +0000  copying file ./MaterialCommunityIcons.ttf ... 
2025-09-19 06:09:50 +0000  1147844 bytes for ./MaterialCommunityIcons.ttf
2025-09-19 06:09:50 +0000  copying file ./glog_privacy.bundle/Info.plist ... 
2025-09-19 06:09:50 +0000  766 bytes for ./glog_privacy.bundle/Info.plist
2025-09-19 06:09:50 +0000  copying file ./ExpoLocalization_privacy.bundle/PrivacyInfo.xcprivacy ... 
2025-09-19 06:09:50 +0000  607 bytes for ./ExpoLocalization_privacy.bundle/PrivacyInfo.xcprivacy
2025-09-19 06:09:50 +0000  copying file ./ExpoLocalization_privacy.bundle/Info.plist ... 
2025-09-19 06:09:50 +0000  793 bytes for ./ExpoLocalization_privacy.bundle/Info.plist
2025-09-19 06:09:50 +0000  copying file ./AppIcon60x60@2x.png ... 
2025-09-19 06:09:50 +0000  14246 bytes for ./AppIcon60x60@2x.png
2025-09-19 06:09:50 +0000  copying file ./ExpoConstants_privacy.bundle/PrivacyInfo.xcprivacy ... 
2025-09-19 06:09:50 +0000  607 bytes for ./ExpoConstants_privacy.bundle/PrivacyInfo.xcprivacy
2025-09-19 06:09:50 +0000  copying file ./ExpoConstants_privacy.bundle/Info.plist ... 
2025-09-19 06:09:50 +0000  787 bytes for ./ExpoConstants_privacy.bundle/Info.plist
2025-09-19 06:09:50 +0000  copying file ./AntDesign.ttf ... 
2025-09-19 06:09:50 +0000  70344 bytes for ./AntDesign.ttf
2025-09-19 06:09:50 +0000  copying file ./Foundation.ttf ... 
2025-09-19 06:09:50 +0000  56976 bytes for ./Foundation.ttf
2025-09-19 06:09:50 +0000  copying file ./Ionicons.ttf ... 
2025-09-19 06:09:50 +0000  442604 bytes for ./Ionicons.ttf
2025-09-19 06:09:50 +0000  copying file ./FontAwesome5_Solid.ttf ... 
2025-09-19 06:09:50 +0000  202744 bytes for ./FontAwesome5_Solid.ttf
2025-09-19 06:09:50 +0000  copying file ./UserMessagingPlatformResources.bundle/PrivacyInfo.xcprivacy ... 
2025-09-19 06:09:50 +0000  1677 bytes for ./UserMessagingPlatformResources.bundle/PrivacyInfo.xcprivacy
2025-09-19 06:09:50 +0000  copying file ./UserMessagingPlatformResources.bundle/Info.plist ... 
2025-09-19 06:09:50 +0000  804 bytes for ./UserMessagingPlatformResources.bundle/Info.plist
2025-09-19 06:09:50 +0000  copying file ./FontAwesome5_Regular.ttf ... 
2025-09-19 06:09:50 +0000  33736 bytes for ./FontAwesome5_Regular.ttf
2025-09-19 06:09:50 +0000  copying file ./React-cxxreact_privacy.bundle/PrivacyInfo.xcprivacy ... 
2025-09-19 06:09:50 +0000  552 bytes for ./React-cxxreact_privacy.bundle/PrivacyInfo.xcprivacy
2025-09-19 06:09:50 +0000  copying file ./React-cxxreact_privacy.bundle/Info.plist ... 
2025-09-19 06:09:50 +0000  789 bytes for ./React-cxxreact_privacy.bundle/Info.plist
2025-09-19 06:09:50 +0000  copying file ./GoogleMobileAdsResources.bundle/PrivacyInfo.xcprivacy ... 
2025-09-19 06:09:50 +0000  4491 bytes for ./GoogleMobileAdsResources.bundle/PrivacyInfo.xcprivacy
2025-09-19 06:09:50 +0000  copying file ./GoogleMobileAdsResources.bundle/Info.plist ... 
2025-09-19 06:09:50 +0000  793 bytes for ./GoogleMobileAdsResources.bundle/Info.plist
2025-09-19 06:09:50 +0000  copying file ./ExpoApplication_privacy.bundle/PrivacyInfo.xcprivacy ... 
2025-09-19 06:09:50 +0000  608 bytes for ./ExpoApplication_privacy.bundle/PrivacyInfo.xcprivacy
2025-09-19 06:09:50 +0000  copying file ./ExpoApplication_privacy.bundle/Info.plist ... 
2025-09-19 06:09:50 +0000  790 bytes for ./ExpoApplication_privacy.bundle/Info.plist
2025-09-19 06:09:50 +0000  copying file ./FontAwesome.ttf ... 
2025-09-19 06:09:50 +0000  165548 bytes for ./FontAwesome.ttf
2025-09-19 06:09:50 +0000  copying file ./Zocial.ttf ... 
2025-09-19 06:09:50 +0000  25788 bytes for ./Zocial.ttf
2025-09-19 06:09:50 +0000  copying file ./RCT-Folly_privacy.bundle/Info.plist ... 
2025-09-19 06:09:50 +0000  783 bytes for ./RCT-Folly_privacy.bundle/Info.plist
2025-09-19 06:09:50 +0000  copying file ./Assets.car ... 
2025-09-19 06:09:50 +0000  5064191 bytes for ./Assets.car
2025-09-19 06:09:50 +0000  copying file ./EvilIcons.ttf ... 
13456 bytes for ./EvilIcons.ttf
copying file ./AppIcon76x76@2x~ipad.png ... 
21106 bytes for ./AppIcon76x76@2x~ipad.png
copying file ./main.jsbundle ... 
2025-09-19 06:09:50 +0000  3584108 bytes for ./main.jsbundle
2025-09-19 06:09:50 +0000  copying file ./EXConstants.bundle/app.config ... 
2394 bytes for ./EXConstants.bundle/app.config
copying file ./EXConstants.bundle/Info.plist ... 
765 bytes for ./EXConstants.bundle/Info.plist
2025-09-19 06:09:50 +0000  copying file ./ExpoDevice_privacy.bundle/PrivacyInfo.xcprivacy ... 
2025-09-19 06:09:50 +0000  609 bytes for ./ExpoDevice_privacy.bundle/PrivacyInfo.xcprivacy
2025-09-19 06:09:50 +0000  copying file ./ExpoDevice_privacy.bundle/Info.plist ... 
2025-09-19 06:09:50 +0000  780 bytes for ./ExpoDevice_privacy.bundle/Info.plist
2025-09-19 06:09:50 +0000  copying file ./FontAwesome6_Solid.ttf ... 
2025-09-19 06:09:50 +0000  423676 bytes for ./FontAwesome6_Solid.ttf
2025-09-19 06:09:50 +0000  copying file ./PrivacyInfo.xcprivacy ... 
2025-09-19 06:09:50 +0000  1283 bytes for ./PrivacyInfo.xcprivacy
2025-09-19 06:09:50 +0000  copying file ./ExpoNotifications_privacy.bundle/PrivacyInfo.xcprivacy ... 
2025-09-19 06:09:50 +0000  607 bytes for ./ExpoNotifications_privacy.bundle/PrivacyInfo.xcprivacy
2025-09-19 06:09:50 +0000  copying file ./ExpoNotifications_privacy.bundle/Info.plist ... 
2025-09-19 06:09:50 +0000  795 bytes for ./ExpoNotifications_privacy.bundle/Info.plist
2025-09-19 06:09:50 +0000  copying file ./notification.wav ... 
2025-09-19 06:09:50 +0000  1048558 bytes for ./notification.wav
2025-09-19 06:09:50 +0000  copying file ./ExpoMediaLibrary_privacy.bundle/PrivacyInfo.xcprivacy ... 
2025-09-19 06:09:50 +0000  608 bytes for ./ExpoMediaLibrary_privacy.bundle/PrivacyInfo.xcprivacy
2025-09-19 06:09:50 +0000  copying file ./ExpoMediaLibrary_privacy.bundle/Info.plist ... 
2025-09-19 06:09:50 +0000  793 bytes for ./ExpoMediaLibrary_privacy.bundle/Info.plist
2025-09-19 06:09:50 +0000  copying file ./ExpoFileSystem_privacy.bundle/PrivacyInfo.xcprivacy ... 
2025-09-19 06:09:50 +0000  877 bytes for ./ExpoFileSystem_privacy.bundle/PrivacyInfo.xcprivacy
2025-09-19 06:09:50 +0000  copying file ./ExpoFileSystem_privacy.bundle/Info.plist ... 
2025-09-19 06:09:50 +0000  790 bytes for ./ExpoFileSystem_privacy.bundle/Info.plist
2025-09-19 06:09:50 +0000  copying file ./boost_privacy.bundle/Info.plist ... 
2025-09-19 06:09:50 +0000  769 bytes for ./boost_privacy.bundle/Info.plist
2025-09-19 06:09:50 +0000  copying file ./TennisServeAnalyzer ... 
2025-09-19 06:09:50 +0000  10480496 bytes for ./TennisServeAnalyzer
2025-09-19 06:09:50 +0000  copying file ./SimpleLineIcons.ttf ... 
54056 bytes for ./SimpleLineIcons.ttf
copying file ./FontAwesome6_Brands.ttf ... 
2025-09-19 06:09:50 +0000  209376 bytes for ./FontAwesome6_Brands.ttf
2025-09-19 06:09:50 +0000  copying file ./embedded.mobileprovision ... 
2025-09-19 06:09:50 +0000  12508 bytes for ./embedded.mobileprovision
2025-09-19 06:09:50 +0000  copying file ./assets/node_modules/@react-navigation/elements/lib/module/assets/back-icon@3x.png ... 
2025-09-19 06:09:50 +0000  761 bytes for ./assets/node_modules/@react-navigation/elements/lib/module/assets/back-icon@3x.png
2025-09-19 06:09:50 +0000  copying file ./assets/node_modules/@react-navigation/elements/lib/module/assets/back-icon@2x.png ... 
2025-09-19 06:09:50 +0000  405 bytes for ./assets/node_modules/@react-navigation/elements/lib/module/assets/back-icon@2x.png
2025-09-19 06:09:50 +0000  copying file ./assets/node_modules/@react-navigation/elements/lib/module/assets/search-icon@2x.png ... 
2025-09-19 06:09:50 +0000  589 bytes for ./assets/node_modules/@react-navigation/elements/lib/module/assets/search-icon@2x.png
2025-09-19 06:09:50 +0000  copying file ./assets/node_modules/@react-navigation/elements/lib/module/assets/clear-icon@3x.png ... 
2025-09-19 06:09:50 +0000  502 bytes for ./assets/node_modules/@react-navigation/elements/lib/module/assets/clear-icon@3x.png
2025-09-19 06:09:50 +0000  copying file ./assets/node_modules/@react-navigation/elements/lib/module/assets/back-icon.png ... 
2025-09-19 06:09:50 +0000  290 bytes for ./assets/node_modules/@react-navigation/elements/lib/module/assets/back-icon.png
2025-09-19 06:09:50 +0000  copying file ./assets/node_modules/@react-navigation/elements/lib/module/assets/clear-icon@2x.png ... 
2025-09-19 06:09:50 +0000  334 bytes for ./assets/node_modules/@react-navigation/elements/lib/module/assets/clear-icon@2x.png
2025-09-19 06:09:50 +0000  copying file ./assets/node_modules/@react-navigation/elements/lib/module/assets/search-icon@3x.png ... 
2025-09-19 06:09:50 +0000  839 bytes for ./assets/node_modules/@react-navigation/elements/lib/module/assets/search-icon@3x.png
2025-09-19 06:09:50 +0000  copying file ./assets/node_modules/@react-navigation/elements/lib/module/assets/close-icon.png ... 
2025-09-19 06:09:50 +0000  141 bytes for ./assets/node_modules/@react-navigation/elements/lib/module/assets/close-icon.png
2025-09-19 06:09:50 +0000  copying file ./assets/node_modules/@react-navigation/elements/lib/module/assets/back-icon-mask.png ... 
2025-09-19 06:09:50 +0000  653 bytes for ./assets/node_modules/@react-navigation/elements/lib/module/assets/back-icon-mask.png
2025-09-19 06:09:50 +0000  copying file ./assets/node_modules/@react-navigation/elements/lib/module/assets/close-icon@2x.png ... 
2025-09-19 06:09:50 +0000  201 bytes for ./assets/node_modules/@react-navigation/elements/lib/module/assets/close-icon@2x.png
2025-09-19 06:09:50 +0000  copying file ./assets/node_modules/@react-navigation/elements/lib/module/assets/close-icon@3x.png ... 
2025-09-19 06:09:50 +0000  266 bytes for ./assets/node_modules/@react-navigation/elements/lib/module/assets/close-icon@3x.png
2025-09-19 06:09:50 +0000  copying file ./assets/node_modules/@react-navigation/elements/lib/module/assets/clear-icon.png ... 
2025-09-19 06:09:50 +0000  220 bytes for ./assets/node_modules/@react-navigation/elements/lib/module/assets/clear-icon.png
2025-09-19 06:09:50 +0000  copying file ./assets/node_modules/@react-navigation/elements/lib/module/assets/search-icon.png ... 
2025-09-19 06:09:50 +0000  317 bytes for ./assets/node_modules/@react-navigation/elements/lib/module/assets/search-icon.png
2025-09-19 06:09:50 +0000  copying file ./assets/node_modules/react-native-paper/src/assets/back-chevron.png ... 
2025-09-19 06:09:50 +0000  489 bytes for ./assets/node_modules/react-native-paper/src/assets/back-chevron.png
2025-09-19 06:09:50 +0000  copying file ./assets/node_modules/@expo/vector-icons/build/vendor/react-native-vector-icons/Fonts/Fontisto.ttf ... 
2025-09-19 06:09:50 +0000  313528 bytes for ./assets/node_modules/@expo/vector-icons/build/vendor/react-native-vector-icons/Fonts/Fontisto.ttf
2025-09-19 06:09:50 +0000  copying file ./assets/node_modules/@expo/vector-icons/build/vendor/react-native-vector-icons/Fonts/Octicons.ttf ... 
2025-09-19 06:09:50 +0000  49404 bytes for ./assets/node_modules/@expo/vector-icons/build/vendor/react-native-vector-icons/Fonts/Octicons.ttf
2025-09-19 06:09:50 +0000  copying file ./assets/node_modules/@expo/vector-icons/build/vendor/react-native-vector-icons/Fonts/Feather.ttf ... 
2025-09-19 06:09:50 +0000  56228 bytes for ./assets/node_modules/@expo/vector-icons/build/vendor/react-native-vector-icons/Fonts/Feather.ttf
2025-09-19 06:09:50 +0000  copying file ./assets/node_modules/@expo/vector-icons/build/vendor/react-native-vector-icons/Fonts/FontAwesome6_Regular.ttf ... 
2025-09-19 06:09:50 +0000  67976 bytes for ./assets/node_modules/@expo/vector-icons/build/vendor/react-native-vector-icons/Fonts/FontAwesome6_Regular.ttf
2025-09-19 06:09:50 +0000  copying file ./assets/node_modules/@expo/vector-icons/build/vendor/react-native-vector-icons/Fonts/Entypo.ttf ... 
2025-09-19 06:09:50 +0000  66200 bytes for ./assets/node_modules/@expo/vector-icons/build/vendor/react-native-vector-icons/Fonts/Entypo.ttf
2025-09-19 06:09:50 +0000  copying file ./assets/node_modules/@expo/vector-icons/build/vendor/react-native-vector-icons/Fonts/FontAwesome5_Brands.ttf ... 
2025-09-19 06:09:50 +0000  134040 bytes for ./assets/node_modules/@expo/vector-icons/build/vendor/react-native-vector-icons/Fonts/FontAwesome5_Brands.ttf
2025-09-19 06:09:50 +0000  copying file ./assets/node_modules/@expo/vector-icons/build/vendor/react-native-vector-icons/Fonts/MaterialCommunityIcons.ttf ... 
2025-09-19 06:09:50 +0000  1147844 bytes for ./assets/node_modules/@expo/vector-icons/build/vendor/react-native-vector-icons/Fonts/MaterialCommunityIcons.ttf
2025-09-19 06:09:50 +0000  copying file ./assets/node_modules/@expo/vector-icons/build/vendor/react-native-vector-icons/Fonts/AntDesign.ttf ... 
2025-09-19 06:09:50 +0000  70344 bytes for ./assets/node_modules/@expo/vector-icons/build/vendor/react-native-vector-icons/Fonts/AntDesign.ttf
2025-09-19 06:09:50 +0000  copying file ./assets/node_modules/@expo/vector-icons/build/vendor/react-native-vector-icons/Fonts/Foundation.ttf ... 
2025-09-19 06:09:50 +0000  56976 bytes for ./assets/node_modules/@expo/vector-icons/build/vendor/react-native-vector-icons/Fonts/Foundation.ttf
2025-09-19 06:09:50 +0000  copying file ./assets/node_modules/@expo/vector-icons/build/vendor/react-native-vector-icons/Fonts/Ionicons.ttf ... 
2025-09-19 06:09:50 +0000  442604 bytes for ./assets/node_modules/@expo/vector-icons/build/vendor/react-native-vector-icons/Fonts/Ionicons.ttf
2025-09-19 06:09:50 +0000  copying file ./assets/node_modules/@expo/vector-icons/build/vendor/react-native-vector-icons/Fonts/FontAwesome5_Solid.ttf ... 
2025-09-19 06:09:50 +0000  202744 bytes for ./assets/node_modules/@expo/vector-icons/build/vendor/react-native-vector-icons/Fonts/FontAwesome5_Solid.ttf
2025-09-19 06:09:50 +0000  copying file ./assets/node_modules/@expo/vector-icons/build/vendor/react-native-vector-icons/Fonts/FontAwesome5_Regular.ttf ... 
2025-09-19 06:09:50 +0000  33736 bytes for ./assets/node_modules/@expo/vector-icons/build/vendor/react-native-vector-icons/Fonts/FontAwesome5_Regular.ttf
2025-09-19 06:09:50 +0000  copying file ./assets/node_modules/@expo/vector-icons/build/vendor/react-native-vector-icons/Fonts/FontAwesome.ttf ... 
2025-09-19 06:09:50 +0000  165548 bytes for ./assets/node_modules/@expo/vector-icons/build/vendor/react-native-vector-icons/Fonts/FontAwesome.ttf
2025-09-19 06:09:50 +0000  copying file ./assets/node_modules/@expo/vector-icons/build/vendor/react-native-vector-icons/Fonts/Zocial.ttf ... 
2025-09-19 06:09:50 +0000  25788 bytes for ./assets/node_modules/@expo/vector-icons/build/vendor/react-native-vector-icons/Fonts/Zocial.ttf
2025-09-19 06:09:50 +0000  copying file ./assets/node_modules/@expo/vector-icons/build/vendor/react-native-vector-icons/Fonts/EvilIcons.ttf ... 
2025-09-19 06:09:50 +0000  13456 bytes for ./assets/node_modules/@expo/vector-icons/build/vendor/react-native-vector-icons/Fonts/EvilIcons.ttf
2025-09-19 06:09:50 +0000  copying file ./assets/node_modules/@expo/vector-icons/build/vendor/react-native-vector-icons/Fonts/FontAwesome6_Solid.ttf ... 
2025-09-19 06:09:50 +0000  423676 bytes for ./assets/node_modules/@expo/vector-icons/build/vendor/react-native-vector-icons/Fonts/FontAwesome6_Solid.ttf
2025-09-19 06:09:50 +0000  copying file ./assets/node_modules/@expo/vector-icons/build/vendor/react-native-vector-icons/Fonts/SimpleLineIcons.ttf ... 
2025-09-19 06:09:50 +0000  54056 bytes for ./assets/node_modules/@expo/vector-icons/build/vendor/react-native-vector-icons/Fonts/SimpleLineIcons.ttf
2025-09-19 06:09:50 +0000  copying file ./assets/node_modules/@expo/vector-icons/build/vendor/react-native-vector-icons/Fonts/FontAwesome6_Brands.ttf ... 
2025-09-19 06:09:50 +0000  209376 bytes for ./assets/node_modules/@expo/vector-icons/build/vendor/react-native-vector-icons/Fonts/FontAwesome6_Brands.ttf
2025-09-19 06:09:50 +0000  copying file ./assets/node_modules/@expo/vector-icons/build/vendor/react-native-vector-icons/Fonts/MaterialIcons.ttf ... 
2025-09-19 06:09:50 +0000  356840 bytes for ./assets/node_modules/@expo/vector-icons/build/vendor/react-native-vector-icons/Fonts/MaterialIcons.ttf
2025-09-19 06:09:50 +0000  copying file ./assets/assets/images/camera_guide.png ... 
2025-09-19 06:09:50 +0000  2048250 bytes for ./assets/assets/images/camera_guide.png
2025-09-19 06:09:50 +0000  copying file ./assets/assets/tossup2.png ... 
6021 bytes for ./assets/assets/tossup2.png
2025-09-19 06:09:50 +0000  copying file ./Info.plist ... 
2025-09-19 06:09:50 +0000  2365 bytes for ./Info.plist
2025-09-19 06:09:50 +0000  copying file ./Expo.plist ... 
2025-09-19 06:09:50 +0000  132 bytes for ./Expo.plist
2025-09-19 06:09:50 +0000  copying file ./RNCAsyncStorage_resources.bundle/PrivacyInfo.xcprivacy ... 
2025-09-19 06:09:50 +0000  512 bytes for ./RNCAsyncStorage_resources.bundle/PrivacyInfo.xcprivacy
2025-09-19 06:09:50 +0000  copying file ./RNCAsyncStorage_resources.bundle/Info.plist ... 
2025-09-19 06:09:50 +0000  793 bytes for ./RNCAsyncStorage_resources.bundle/Info.plist
2025-09-19 06:09:50 +0000  copying file ./PkgInfo ... 
2025-09-19 06:09:50 +0000  8 bytes for ./PkgInfo
2025-09-19 06:09:50 +0000  copying file ./MaterialIcons.ttf ... 
2025-09-19 06:09:50 +0000  356840 bytes for ./MaterialIcons.ttf
2025-09-19 06:09:50 +0000  copying file ./React-Core_privacy.bundle/PrivacyInfo.xcprivacy ... 
2025-09-19 06:09:50 +0000  768 bytes for ./React-Core_privacy.bundle/PrivacyInfo.xcprivacy
2025-09-19 06:09:50 +0000  copying file ./React-Core_privacy.bundle/Info.plist ... 
2025-09-19 06:09:50 +0000  781 bytes for ./React-Core_privacy.bundle/Info.plist
2025-09-19 06:09:50 +0000  /usr/bin/ditto exited with 0
2025-09-19 06:09:50 +0000  Processing step: IDEDistributionEmbedProfileStep
2025-09-19 06:09:50 +0000  Processing step: IDEDistributionInfoPlistStep
2025-09-19 06:09:50 +0000  Skipping setting DTXcodeBuildDistribution because toolsBuildVersionName was nil.
2025-09-19 06:09:50 +0000  Processing step: IDEDistributionItemRemovalStep
2025-09-19 06:09:50 +0000  Processing step: IDEDistributionAppThinningPlistStep
2025-09-19 06:09:50 +0000  Skipping step: IDEDistributionAppThinningPlistStep because it said so
2025-09-19 06:09:50 +0000  Processing step: IDEDistributionSymbolsStep
2025-09-19 06:09:50 +0000  Writing /var/folders/g3/8p2fhk61683010h_lskf7sg80000gn/T/XcodeDistPipeline.~~~piCjJv/Symbols/968352A0-41AD-3F56-B445-944478FB524D.symbols
2025-09-19 06:09:50 +0000  Processing step: IDEDistributionCopyAppleProvidedContentStep
2025-09-19 06:09:50 +0000  Processing step: IDEDistributionAppThinningStep
2025-09-19 06:09:50 +0000  Skipping step: IDEDistributionAppThinningStep because it said so
2025-09-19 06:09:50 +0000  Processing step: IDEDistributionArchThinningStep
2025-09-19 06:09:50 +0000  Item /Users/apple/Library/Developer/Xcode/Archives/2025-09-19/TennisServeAnalyzer 2025-09-19, 15.09.xcarchive/Products/Applications/TennisServeAnalyzer.app doesn't have the entitlement com.apple.developer.web-browser-engine.host enabled, returning ["arm64e"]
2025-09-19 06:09:50 +0000  Archs to thin for item /Users/apple/Library/Developer/Xcode/Archives/2025-09-19/TennisServeAnalyzer 2025-09-19, 15.09.xcarchive/Products/Applications/TennisServeAnalyzer.app are ["arm64e"]
2025-09-19 06:09:50 +0000  Running /Applications/Xcode.app/Contents/Developer/Toolchains/XcodeDefault.xctoolchain/usr/bin/lipo '/var/folders/g3/8p2fhk61683010h_lskf7sg80000gn/T/XcodeDistPipeline.~~~piCjJv/Root/Payload/TennisServeAnalyzer.app/TennisServeAnalyzer' '-verify_arch' 'arm64e'
2025-09-19 06:09:50 +0000  /Applications/Xcode.app/Contents/Developer/Toolchains/XcodeDefault.xctoolchain/usr/bin/lipo exited with 1
2025-09-19 06:09:50 +0000  Skipping architecture thinning for item "TennisServeAnalyzer" because arch "arm64e" wasn't found
2025-09-19 06:09:50 +0000  Processing step: IDEDistributionODRStep
2025-09-19 06:09:50 +0000  Processing step: IDEDistributionStripXattrsStep
2025-09-19 06:09:50 +0000  Skipping stripping extended attributes because the codesign step will strip them.
2025-09-19 06:09:50 +0000  Processing step: IDEDistributionCodesignStep
2025-09-19 06:09:50 +0000  Entitlements for <IDEDistributionItem: 0x60003129e460; bundleID='com.tennisserveanalyzer.app', path='<DVTFilePath:0x6000110c1b90:'/Users/apple/Library/Developer/Xcode/Archives/2025-09-19/TennisServeAnalyzer 2025-09-19, 15.09.xcarchive/Products/Applications/TennisServeAnalyzer.app'>', codeSigningInfo='<_DVTCodeSigningInformation_Path: 0x600009c86b80; isSigned='1', isAdHocSigned='0', signingCertificate='<DVTSigningCertificate: 0x60002821ee80; name='Apple Development: chibiyasu2@yahoo.co.jp (5F3ZGHLRVS)', hash='41B5D45C1A9B9088D15F597A2A5A56F89AD15095', serialNumber='3CE4817E63C740E6D63D28F3E2595A14', certificateKinds='(
    "1.2.840.113635.100.6.1.12",
    "1.2.840.113635.100.6.1.2"
), issueDate='2025-08-03 01:13:47 +0000''>', entitlements='{
    "application-identifier" = "ZB3NZXVH3T.com.tennisserveanalyzer.app";
    "aps-environment" = development;
    "com.apple.developer.team-identifier" = ZB3NZXVH3T;
    "get-task-allow" = 1;
}', teamID='ZB3NZXVH3T', identifier='com.tennisserveanalyzer.app', executablePath='<DVTFilePath:0x6000153cd500:'/Users/apple/Library/Developer/Xcode/Archives/2025-09-19/TennisServeAnalyzer 2025-09-19, 15.09.xcarchive/Products/Applications/TennisServeAnalyzer.app/TennisServeAnalyzer'>', hardenedRuntime='0'>'>: {
    "application-identifier" = "ZB3NZXVH3T.com.tennisserveanalyzer.app";
    "aps-environment" = production;
    "beta-reports-active" = 1;
    "com.apple.developer.team-identifier" = ZB3NZXVH3T;
    "get-task-allow" = 0;
}
2025-09-19 06:09:50 +0000  Associated App Clip Identifiers Filter: Skipping because "com.apple.developer.associated-appclip-app-identifiers" is not present
2025-09-19 06:09:50 +0000  Entitlements for <IDEDistributionItem: 0x60003129e460; bundleID='com.tennisserveanalyzer.app', path='<DVTFilePath:0x6000110c1b90:'/Users/apple/Library/Developer/Xcode/Archives/2025-09-19/TennisServeAnalyzer 2025-09-19, 15.09.xcarchive/Products/Applications/TennisServeAnalyzer.app'>', codeSigningInfo='<_DVTCodeSigningInformation_Path: 0x600009c86b80; isSigned='1', isAdHocSigned='0', signingCertificate='<DVTSigningCertificate: 0x60002821ee80; name='Apple Development: chibiyasu2@yahoo.co.jp (5F3ZGHLRVS)', hash='41B5D45C1A9B9088D15F597A2A5A56F89AD15095', serialNumber='3CE4817E63C740E6D63D28F3E2595A14', certificateKinds='(
    "1.2.840.113635.100.6.1.12",
    "1.2.840.113635.100.6.1.2"
), issueDate='2025-08-03 01:13:47 +0000''>', entitlements='{
    "application-identifier" = "ZB3NZXVH3T.com.tennisserveanalyzer.app";
    "aps-environment" = development;
    "com.apple.developer.team-identifier" = ZB3NZXVH3T;
    "get-task-allow" = 1;
}', teamID='ZB3NZXVH3T', identifier='com.tennisserveanalyzer.app', executablePath='<DVTFilePath:0x6000153cd500:'/Users/apple/Library/Developer/Xcode/Archives/2025-09-19/TennisServeAnalyzer 2025-09-19, 15.09.xcarchive/Products/Applications/TennisServeAnalyzer.app/TennisServeAnalyzer'>', hardenedRuntime='0'>'> are: {
    "application-identifier" = "ZB3NZXVH3T.com.tennisserveanalyzer.app";
    "aps-environment" = production;
    "beta-reports-active" = 1;
    "com.apple.developer.team-identifier" = ZB3NZXVH3T;
    "get-task-allow" = 0;
}
2025-09-19 06:09:50 +0000  Writing entitlements for <IDEDistributionItem: 0x60003129e460; bundleID='com.tennisserveanalyzer.app', path='<DVTFilePath:0x6000110c1b90:'/Users/apple/Library/Developer/Xcode/Archives/2025-09-19/TennisServeAnalyzer 2025-09-19, 15.09.xcarchive/Products/Applications/TennisServeAnalyzer.app'>', codeSigningInfo='<_DVTCodeSigningInformation_Path: 0x600009c86b80; isSigned='1', isAdHocSigned='0', signingCertificate='<DVTSigningCertificate: 0x60002826e280; name='Apple Development: chibiyasu2@yahoo.co.jp (5F3ZGHLRVS)', hash='41B5D45C1A9B9088D15F597A2A5A56F89AD15095', serialNumber='3CE4817E63C740E6D63D28F3E2595A14', certificateKinds='(
    "1.2.840.113635.100.6.1.12",
    "1.2.840.113635.100.6.1.2"
), issueDate='2025-08-03 01:13:47 +0000''>', entitlements='{
    "application-identifier" = "ZB3NZXVH3T.com.tennisserveanalyzer.app";
    "aps-environment" = development;
    "com.apple.developer.team-identifier" = ZB3NZXVH3T;
    "get-task-allow" = 1;
}', teamID='ZB3NZXVH3T', identifier='com.tennisserveanalyzer.app', executablePath='<DVTFilePath:0x6000153cd500:'/Users/apple/Library/Developer/Xcode/Archives/2025-09-19/TennisServeAnalyzer 2025-09-19, 15.09.xcarchive/Products/Applications/TennisServeAnalyzer.app/TennisServeAnalyzer'>', hardenedRuntime='0'>'> to: /var/folders/g3/8p2fhk61683010h_lskf7sg80000gn/T/XcodeDistPipeline.~~~piCjJv/entitlements~~~7M2ofq
2025-09-19 06:09:50 +0000  invoking codesign: <NSConcreteTask: 0x600025f63660; launchPath='/usr/bin/codesign', arguments='(
    "-f",
    "-s",
    00AE5A1B28A541D2EE920DF167614C41D7214842,
    "--entitlements",
    "/var/folders/g3/8p2fhk61683010h_lskf7sg80000gn/T/XcodeDistPipeline.~~~piCjJv/entitlements~~~7M2ofq",
    "--preserve-metadata=identifier,flags,runtime",
    "--generate-entitlement-der",
    "--strip-disallowed-xattrs",
    "-vvv",
    "/var/folders/g3/8p2fhk61683010h_lskf7sg80000gn/T/XcodeDistPipeline.~~~piCjJv/Root/Payload/TennisServeAnalyzer.app"
)'>
2025-09-19 06:09:54 +0000  codesign output: /var/folders/g3/8p2fhk61683010h_lskf7sg80000gn/T/XcodeDistPipeline.~~~piCjJv/Root/Payload/TennisServeAnalyzer.app: replacing existing signature
/var/folders/g3/8p2fhk61683010h_lskf7sg80000gn/T/XcodeDistPipeline.~~~piCjJv/Root/Payload/TennisServeAnalyzer.app: signed app bundle with Mach-O thin (arm64) [com.tennisserveanalyzer.app]
2025-09-19 06:09:54 +0000  Processing step: IDEDistributionZipODRItemStep
2025-09-19 06:09:54 +0000  Skipping step: IDEDistributionZipODRItemStep because it said so
2025-09-19 06:09:54 +0000  Processing step: IDEDistributionCreateIPAStep
2025-09-19 06:09:54 +0000  Running /usr/bin/rsync '-8aPhhE' '/var/folders/g3/8p2fhk61683010h_lskf7sg80000gn/T/XcodeDistPipeline.~~~piCjJv/Symbols' '--link-dest' '/var/folders/g3/8p2fhk61683010h_lskf7sg80000gn/T/XcodeDistPipeline.~~~piCjJv' '/var/folders/g3/8p2fhk61683010h_lskf7sg80000gn/T/XcodeDistPipeline.~~~piCjJv/Root'
2025-09-19 06:09:54 +0000  Symbols/
Symbols/968352A0-41AD-3F56-B445-944478FB524D.symbols
2025-09-19 06:09:54 +0000  /usr/bin/rsync exited with 0
2025-09-19 06:09:54 +0000  Running /usr/bin/ditto '-V' '-c' '-k' '--norsrc' '/var/folders/g3/8p2fhk61683010h_lskf7sg80000gn/T/XcodeDistPipeline.~~~piCjJv/Root' '/var/folders/g3/8p2fhk61683010h_lskf7sg80000gn/T/XcodeDistPipeline.~~~piCjJv/Packages/TennisServeAnalyzer.ipa'
2025-09-19 06:09:54 +0000  >>> Copying /var/folders/g3/8p2fhk61683010h_lskf7sg80000gn/T/XcodeDistPipeline.~~~piCjJv/Root 
2025-09-19 06:09:54 +0000  copying file ./Payload/TennisServeAnalyzer.app/_CodeSignature/CodeResources ... 
2025-09-19 06:09:54 +0000  29349 bytes for ./Payload/TennisServeAnalyzer.app/_CodeSignature/CodeResources
2025-09-19 06:09:54 +0000  copying file ./Payload/TennisServeAnalyzer.app/Fontisto.ttf ... 
2025-09-19 06:09:54 +0000  313528 bytes for ./Payload/TennisServeAnalyzer.app/Fontisto.ttf
2025-09-19 06:09:54 +0000  copying file ./Payload/TennisServeAnalyzer.app/Octicons.ttf ... 
2025-09-19 06:09:54 +0000  49404 bytes for ./Payload/TennisServeAnalyzer.app/Octicons.ttf
2025-09-19 06:09:54 +0000  copying file ./Payload/TennisServeAnalyzer.app/Feather.ttf ... 
2025-09-19 06:09:54 +0000  56228 bytes for ./Payload/TennisServeAnalyzer.app/Feather.ttf
2025-09-19 06:09:54 +0000  copying file ./Payload/TennisServeAnalyzer.app/SplashScreen.storyboardc/EXPO-VIEWCONTROLLER-1-view-EXPO-ContainerView.nib ... 
2025-09-19 06:09:54 +0000  2190 bytes for ./Payload/TennisServeAnalyzer.app/SplashScreen.storyboardc/EXPO-VIEWCONTROLLER-1-view-EXPO-ContainerView.nib
2025-09-19 06:09:54 +0000  copying file ./Payload/TennisServeAnalyzer.app/SplashScreen.storyboardc/SplashScreenViewController.nib ... 
2025-09-19 06:09:54 +0000  1004 bytes for ./Payload/TennisServeAnalyzer.app/SplashScreen.storyboardc/SplashScreenViewController.nib
2025-09-19 06:09:54 +0000  copying file ./Payload/TennisServeAnalyzer.app/SplashScreen.storyboardc/Info.plist ... 
2025-09-19 06:09:54 +0000  225 bytes for ./Payload/TennisServeAnalyzer.app/SplashScreen.storyboardc/Info.plist
2025-09-19 06:09:54 +0000  copying file ./Payload/TennisServeAnalyzer.app/FontAwesome6_Regular.ttf ... 
2025-09-19 06:09:54 +0000  67976 bytes for ./Payload/TennisServeAnalyzer.app/FontAwesome6_Regular.ttf
2025-09-19 06:09:54 +0000  copying file ./Payload/TennisServeAnalyzer.app/Entypo.ttf ... 
2025-09-19 06:09:54 +0000  66200 bytes for ./Payload/TennisServeAnalyzer.app/Entypo.ttf
2025-09-19 06:09:54 +0000  copying file ./Payload/TennisServeAnalyzer.app/FontAwesome5_Brands.ttf ... 
2025-09-19 06:09:54 +0000  134040 bytes for ./Payload/TennisServeAnalyzer.app/FontAwesome5_Brands.ttf
2025-09-19 06:09:54 +0000  copying file ./Payload/TennisServeAnalyzer.app/MaterialCommunityIcons.ttf ... 
2025-09-19 06:09:54 +0000  1147844 bytes for ./Payload/TennisServeAnalyzer.app/MaterialCommunityIcons.ttf
2025-09-19 06:09:54 +0000  copying file ./Payload/TennisServeAnalyzer.app/glog_privacy.bundle/Info.plist ... 
2025-09-19 06:09:54 +0000  766 bytes for ./Payload/TennisServeAnalyzer.app/glog_privacy.bundle/Info.plist
2025-09-19 06:09:54 +0000  copying file ./Payload/TennisServeAnalyzer.app/ExpoLocalization_privacy.bundle/PrivacyInfo.xcprivacy ... 
2025-09-19 06:09:54 +0000  607 bytes for ./Payload/TennisServeAnalyzer.app/ExpoLocalization_privacy.bundle/PrivacyInfo.xcprivacy
2025-09-19 06:09:54 +0000  copying file ./Payload/TennisServeAnalyzer.app/ExpoLocalization_privacy.bundle/Info.plist ... 
2025-09-19 06:09:54 +0000  793 bytes for ./Payload/TennisServeAnalyzer.app/ExpoLocalization_privacy.bundle/Info.plist
2025-09-19 06:09:54 +0000  copying file ./Payload/TennisServeAnalyzer.app/AppIcon60x60@2x.png ... 
2025-09-19 06:09:54 +0000  14246 bytes for ./Payload/TennisServeAnalyzer.app/AppIcon60x60@2x.png
2025-09-19 06:09:54 +0000  copying file ./Payload/TennisServeAnalyzer.app/ExpoConstants_privacy.bundle/PrivacyInfo.xcprivacy ... 
2025-09-19 06:09:54 +0000  607 bytes for ./Payload/TennisServeAnalyzer.app/ExpoConstants_privacy.bundle/PrivacyInfo.xcprivacy
2025-09-19 06:09:54 +0000  copying file ./Payload/TennisServeAnalyzer.app/ExpoConstants_privacy.bundle/Info.plist ... 
2025-09-19 06:09:54 +0000  787 bytes for ./Payload/TennisServeAnalyzer.app/ExpoConstants_privacy.bundle/Info.plist
2025-09-19 06:09:54 +0000  copying file ./Payload/TennisServeAnalyzer.app/AntDesign.ttf ... 
2025-09-19 06:09:54 +0000  70344 bytes for ./Payload/TennisServeAnalyzer.app/AntDesign.ttf
2025-09-19 06:09:54 +0000  copying file ./Payload/TennisServeAnalyzer.app/Foundation.ttf ... 
2025-09-19 06:09:54 +0000  56976 bytes for ./Payload/TennisServeAnalyzer.app/Foundation.ttf
2025-09-19 06:09:54 +0000  copying file ./Payload/TennisServeAnalyzer.app/Ionicons.ttf ... 
2025-09-19 06:09:54 +0000  442604 bytes for ./Payload/TennisServeAnalyzer.app/Ionicons.ttf
2025-09-19 06:09:54 +0000  copying file ./Payload/TennisServeAnalyzer.app/FontAwesome5_Solid.ttf ... 
2025-09-19 06:09:54 +0000  202744 bytes for ./Payload/TennisServeAnalyzer.app/FontAwesome5_Solid.ttf
2025-09-19 06:09:54 +0000  copying file ./Payload/TennisServeAnalyzer.app/UserMessagingPlatformResources.bundle/PrivacyInfo.xcprivacy ... 
2025-09-19 06:09:54 +0000  1677 bytes for ./Payload/TennisServeAnalyzer.app/UserMessagingPlatformResources.bundle/PrivacyInfo.xcprivacy
2025-09-19 06:09:54 +0000  copying file ./Payload/TennisServeAnalyzer.app/UserMessagingPlatformResources.bundle/Info.plist ... 
2025-09-19 06:09:54 +0000  804 bytes for ./Payload/TennisServeAnalyzer.app/UserMessagingPlatformResources.bundle/Info.plist
2025-09-19 06:09:54 +0000  copying file ./Payload/TennisServeAnalyzer.app/FontAwesome5_Regular.ttf ... 
2025-09-19 06:09:54 +0000  33736 bytes for ./Payload/TennisServeAnalyzer.app/FontAwesome5_Regular.ttf
2025-09-19 06:09:54 +0000  copying file ./Payload/TennisServeAnalyzer.app/React-cxxreact_privacy.bundle/PrivacyInfo.xcprivacy ... 
2025-09-19 06:09:54 +0000  552 bytes for ./Payload/TennisServeAnalyzer.app/React-cxxreact_privacy.bundle/PrivacyInfo.xcprivacy
2025-09-19 06:09:54 +0000  copying file ./Payload/TennisServeAnalyzer.app/React-cxxreact_privacy.bundle/Info.plist ... 
2025-09-19 06:09:54 +0000  789 bytes for ./Payload/TennisServeAnalyzer.app/React-cxxreact_privacy.bundle/Info.plist
2025-09-19 06:09:54 +0000  copying file ./Payload/TennisServeAnalyzer.app/GoogleMobileAdsResources.bundle/PrivacyInfo.xcprivacy ... 
2025-09-19 06:09:54 +0000  4491 bytes for ./Payload/TennisServeAnalyzer.app/GoogleMobileAdsResources.bundle/PrivacyInfo.xcprivacy
2025-09-19 06:09:54 +0000  copying file ./Payload/TennisServeAnalyzer.app/GoogleMobileAdsResources.bundle/Info.plist ... 
2025-09-19 06:09:54 +0000  793 bytes for ./Payload/TennisServeAnalyzer.app/GoogleMobileAdsResources.bundle/Info.plist
2025-09-19 06:09:54 +0000  copying file ./Payload/TennisServeAnalyzer.app/ExpoApplication_privacy.bundle/PrivacyInfo.xcprivacy ... 
2025-09-19 06:09:54 +0000  608 bytes for ./Payload/TennisServeAnalyzer.app/ExpoApplication_privacy.bundle/PrivacyInfo.xcprivacy
2025-09-19 06:09:54 +0000  copying file ./Payload/TennisServeAnalyzer.app/ExpoApplication_privacy.bundle/Info.plist ... 
2025-09-19 06:09:54 +0000  790 bytes for ./Payload/TennisServeAnalyzer.app/ExpoApplication_privacy.bundle/Info.plist
2025-09-19 06:09:54 +0000  copying file ./Payload/TennisServeAnalyzer.app/FontAwesome.ttf ... 
2025-09-19 06:09:54 +0000  165548 bytes for ./Payload/TennisServeAnalyzer.app/FontAwesome.ttf
2025-09-19 06:09:54 +0000  copying file ./Payload/TennisServeAnalyzer.app/Zocial.ttf ... 
2025-09-19 06:09:54 +0000  25788 bytes for ./Payload/TennisServeAnalyzer.app/Zocial.ttf
2025-09-19 06:09:54 +0000  copying file ./Payload/TennisServeAnalyzer.app/RCT-Folly_privacy.bundle/Info.plist ... 
2025-09-19 06:09:54 +0000  783 bytes for ./Payload/TennisServeAnalyzer.app/RCT-Folly_privacy.bundle/Info.plist
2025-09-19 06:09:54 +0000  copying file ./Payload/TennisServeAnalyzer.app/Assets.car ... 
2025-09-19 06:09:54 +0000  5064191 bytes for ./Payload/TennisServeAnalyzer.app/Assets.car
2025-09-19 06:09:54 +0000  copying file ./Payload/TennisServeAnalyzer.app/EvilIcons.ttf ... 
2025-09-19 06:09:54 +0000  13456 bytes for ./Payload/TennisServeAnalyzer.app/EvilIcons.ttf
2025-09-19 06:09:54 +0000  copying file ./Payload/TennisServeAnalyzer.app/AppIcon76x76@2x~ipad.png ... 
2025-09-19 06:09:54 +0000  21106 bytes for ./Payload/TennisServeAnalyzer.app/AppIcon76x76@2x~ipad.png
2025-09-19 06:09:54 +0000  copying file ./Payload/TennisServeAnalyzer.app/main.jsbundle ... 
2025-09-19 06:09:54 +0000  3584108 bytes for ./Payload/TennisServeAnalyzer.app/main.jsbundle
2025-09-19 06:09:54 +0000  copying file ./Payload/TennisServeAnalyzer.app/EXConstants.bundle/app.config ... 
2025-09-19 06:09:54 +0000  2394 bytes for ./Payload/TennisServeAnalyzer.app/EXConstants.bundle/app.config
2025-09-19 06:09:54 +0000  copying file ./Payload/TennisServeAnalyzer.app/EXConstants.bundle/Info.plist ... 
2025-09-19 06:09:54 +0000  765 bytes for ./Payload/TennisServeAnalyzer.app/EXConstants.bundle/Info.plist
2025-09-19 06:09:54 +0000  copying file ./Payload/TennisServeAnalyzer.app/ExpoDevice_privacy.bundle/PrivacyInfo.xcprivacy ... 
2025-09-19 06:09:54 +0000  609 bytes for ./Payload/TennisServeAnalyzer.app/ExpoDevice_privacy.bundle/PrivacyInfo.xcprivacy
2025-09-19 06:09:54 +0000  copying file ./Payload/TennisServeAnalyzer.app/ExpoDevice_privacy.bundle/Info.plist ... 
2025-09-19 06:09:54 +0000  780 bytes for ./Payload/TennisServeAnalyzer.app/ExpoDevice_privacy.bundle/Info.plist
2025-09-19 06:09:54 +0000  copying file ./Payload/TennisServeAnalyzer.app/FontAwesome6_Solid.ttf ... 
2025-09-19 06:09:54 +0000  423676 bytes for ./Payload/TennisServeAnalyzer.app/FontAwesome6_Solid.ttf
2025-09-19 06:09:54 +0000  copying file ./Payload/TennisServeAnalyzer.app/PrivacyInfo.xcprivacy ... 
2025-09-19 06:09:54 +0000  1283 bytes for ./Payload/TennisServeAnalyzer.app/PrivacyInfo.xcprivacy
2025-09-19 06:09:54 +0000  copying file ./Payload/TennisServeAnalyzer.app/ExpoNotifications_privacy.bundle/PrivacyInfo.xcprivacy ... 
2025-09-19 06:09:54 +0000  607 bytes for ./Payload/TennisServeAnalyzer.app/ExpoNotifications_privacy.bundle/PrivacyInfo.xcprivacy
2025-09-19 06:09:54 +0000  copying file ./Payload/TennisServeAnalyzer.app/ExpoNotifications_privacy.bundle/Info.plist ... 
2025-09-19 06:09:54 +0000  795 bytes for ./Payload/TennisServeAnalyzer.app/ExpoNotifications_privacy.bundle/Info.plist
2025-09-19 06:09:54 +0000  copying file ./Payload/TennisServeAnalyzer.app/notification.wav ... 
2025-09-19 06:09:54 +0000  1048558 bytes for ./Payload/TennisServeAnalyzer.app/notification.wav
2025-09-19 06:09:54 +0000  copying file ./Payload/TennisServeAnalyzer.app/ExpoMediaLibrary_privacy.bundle/PrivacyInfo.xcprivacy ... 
608 bytes for ./Payload/TennisServeAnalyzer.app/ExpoMediaLibrary_privacy.bundle/PrivacyInfo.xcprivacy
copying file ./Payload/TennisServeAnalyzer.app/ExpoMediaLibrary_privacy.bundle/Info.plist ... 
793 bytes for ./Payload/TennisServeAnalyzer.app/ExpoMediaLibrary_privacy.bundle/Info.plist
copying file ./Payload/TennisServeAnalyzer.app/ExpoFileSystem_privacy.bundle/PrivacyInfo.xcprivacy ... 
877 bytes for ./Payload/TennisServeAnalyzer.app/ExpoFileSystem_privacy.bundle/PrivacyInfo.xcprivacy
copying file ./Payload/TennisServeAnalyzer.app/ExpoFileSystem_privacy.bundle/Info.plist ... 
2025-09-19 06:09:54 +0000  790 bytes for ./Payload/TennisServeAnalyzer.app/ExpoFileSystem_privacy.bundle/Info.plist
2025-09-19 06:09:54 +0000  copying file ./Payload/TennisServeAnalyzer.app/boost_privacy.bundle/Info.plist ... 
2025-09-19 06:09:54 +0000  769 bytes for ./Payload/TennisServeAnalyzer.app/boost_privacy.bundle/Info.plist
2025-09-19 06:09:54 +0000  copying file ./Payload/TennisServeAnalyzer.app/TennisServeAnalyzer ... 
2025-09-19 06:09:54 +0000  10480560 bytes for ./Payload/TennisServeAnalyzer.app/TennisServeAnalyzer
2025-09-19 06:09:54 +0000  copying file ./Payload/TennisServeAnalyzer.app/SimpleLineIcons.ttf ... 
2025-09-19 06:09:54 +0000  54056 bytes for ./Payload/TennisServeAnalyzer.app/SimpleLineIcons.ttf
2025-09-19 06:09:54 +0000  copying file ./Payload/TennisServeAnalyzer.app/FontAwesome6_Brands.ttf ... 
2025-09-19 06:09:54 +0000  209376 bytes for ./Payload/TennisServeAnalyzer.app/FontAwesome6_Brands.ttf
2025-09-19 06:09:54 +0000  copying file ./Payload/TennisServeAnalyzer.app/embedded.mobileprovision ... 
2025-09-19 06:09:54 +0000  16535 bytes for ./Payload/TennisServeAnalyzer.app/embedded.mobileprovision
2025-09-19 06:09:54 +0000  copying file ./Payload/TennisServeAnalyzer.app/assets/node_modules/@react-navigation/elements/lib/module/assets/back-icon@3x.png ... 
2025-09-19 06:09:54 +0000  761 bytes for ./Payload/TennisServeAnalyzer.app/assets/node_modules/@react-navigation/elements/lib/module/assets/back-icon@3x.png
2025-09-19 06:09:54 +0000  copying file ./Payload/TennisServeAnalyzer.app/assets/node_modules/@react-navigation/elements/lib/module/assets/back-icon@2x.png ... 
2025-09-19 06:09:54 +0000  405 bytes for ./Payload/TennisServeAnalyzer.app/assets/node_modules/@react-navigation/elements/lib/module/assets/back-icon@2x.png
2025-09-19 06:09:54 +0000  copying file ./Payload/TennisServeAnalyzer.app/assets/node_modules/@react-navigation/elements/lib/module/assets/search-icon@2x.png ... 
2025-09-19 06:09:54 +0000  589 bytes for ./Payload/TennisServeAnalyzer.app/assets/node_modules/@react-navigation/elements/lib/module/assets/search-icon@2x.png
2025-09-19 06:09:54 +0000  copying file ./Payload/TennisServeAnalyzer.app/assets/node_modules/@react-navigation/elements/lib/module/assets/clear-icon@3x.png ... 
2025-09-19 06:09:54 +0000  502 bytes for ./Payload/TennisServeAnalyzer.app/assets/node_modules/@react-navigation/elements/lib/module/assets/clear-icon@3x.png
2025-09-19 06:09:54 +0000  copying file ./Payload/TennisServeAnalyzer.app/assets/node_modules/@react-navigation/elements/lib/module/assets/back-icon.png ... 
2025-09-19 06:09:54 +0000  290 bytes for ./Payload/TennisServeAnalyzer.app/assets/node_modules/@react-navigation/elements/lib/module/assets/back-icon.png
2025-09-19 06:09:54 +0000  copying file ./Payload/TennisServeAnalyzer.app/assets/node_modules/@react-navigation/elements/lib/module/assets/clear-icon@2x.png ... 
2025-09-19 06:09:54 +0000  334 bytes for ./Payload/TennisServeAnalyzer.app/assets/node_modules/@react-navigation/elements/lib/module/assets/clear-icon@2x.png
2025-09-19 06:09:54 +0000  copying file ./Payload/TennisServeAnalyzer.app/assets/node_modules/@react-navigation/elements/lib/module/assets/search-icon@3x.png ... 
2025-09-19 06:09:54 +0000  839 bytes for ./Payload/TennisServeAnalyzer.app/assets/node_modules/@react-navigation/elements/lib/module/assets/search-icon@3x.png
2025-09-19 06:09:54 +0000  copying file ./Payload/TennisServeAnalyzer.app/assets/node_modules/@react-navigation/elements/lib/module/assets/close-icon.png ... 
2025-09-19 06:09:54 +0000  141 bytes for ./Payload/TennisServeAnalyzer.app/assets/node_modules/@react-navigation/elements/lib/module/assets/close-icon.png
2025-09-19 06:09:54 +0000  copying file ./Payload/TennisServeAnalyzer.app/assets/node_modules/@react-navigation/elements/lib/module/assets/back-icon-mask.png ... 
2025-09-19 06:09:54 +0000  653 bytes for ./Payload/TennisServeAnalyzer.app/assets/node_modules/@react-navigation/elements/lib/module/assets/back-icon-mask.png
2025-09-19 06:09:54 +0000  copying file ./Payload/TennisServeAnalyzer.app/assets/node_modules/@react-navigation/elements/lib/module/assets/close-icon@2x.png ... 
2025-09-19 06:09:54 +0000  201 bytes for ./Payload/TennisServeAnalyzer.app/assets/node_modules/@react-navigation/elements/lib/module/assets/close-icon@2x.png
2025-09-19 06:09:54 +0000  copying file ./Payload/TennisServeAnalyzer.app/assets/node_modules/@react-navigation/elements/lib/module/assets/close-icon@3x.png ... 
2025-09-19 06:09:54 +0000  266 bytes for ./Payload/TennisServeAnalyzer.app/assets/node_modules/@react-navigation/elements/lib/module/assets/close-icon@3x.png
2025-09-19 06:09:54 +0000  copying file ./Payload/TennisServeAnalyzer.app/assets/node_modules/@react-navigation/elements/lib/module/assets/clear-icon.png ... 
2025-09-19 06:09:54 +0000  220 bytes for ./Payload/TennisServeAnalyzer.app/assets/node_modules/@react-navigation/elements/lib/module/assets/clear-icon.png
2025-09-19 06:09:54 +0000  copying file ./Payload/TennisServeAnalyzer.app/assets/node_modules/@react-navigation/elements/lib/module/assets/search-icon.png ... 
2025-09-19 06:09:54 +0000  317 bytes for ./Payload/TennisServeAnalyzer.app/assets/node_modules/@react-navigation/elements/lib/module/assets/search-icon.png
2025-09-19 06:09:54 +0000  copying file ./Payload/TennisServeAnalyzer.app/assets/node_modules/react-native-paper/src/assets/back-chevron.png ... 
2025-09-19 06:09:54 +0000  489 bytes for ./Payload/TennisServeAnalyzer.app/assets/node_modules/react-native-paper/src/assets/back-chevron.png
2025-09-19 06:09:54 +0000  copying file ./Payload/TennisServeAnalyzer.app/assets/node_modules/@expo/vector-icons/build/vendor/react-native-vector-icons/Fonts/Fontisto.ttf ... 
2025-09-19 06:09:54 +0000  313528 bytes for ./Payload/TennisServeAnalyzer.app/assets/node_modules/@expo/vector-icons/build/vendor/react-native-vector-icons/Fonts/Fontisto.ttf
2025-09-19 06:09:54 +0000  copying file ./Payload/TennisServeAnalyzer.app/assets/node_modules/@expo/vector-icons/build/vendor/react-native-vector-icons/Fonts/Octicons.ttf ... 
2025-09-19 06:09:54 +0000  49404 bytes for ./Payload/TennisServeAnalyzer.app/assets/node_modules/@expo/vector-icons/build/vendor/react-native-vector-icons/Fonts/Octicons.ttf
2025-09-19 06:09:54 +0000  copying file ./Payload/TennisServeAnalyzer.app/assets/node_modules/@expo/vector-icons/build/vendor/react-native-vector-icons/Fonts/Feather.ttf ... 
2025-09-19 06:09:54 +0000  56228 bytes for ./Payload/TennisServeAnalyzer.app/assets/node_modules/@expo/vector-icons/build/vendor/react-native-vector-icons/Fonts/Feather.ttf
2025-09-19 06:09:54 +0000  copying file ./Payload/TennisServeAnalyzer.app/assets/node_modules/@expo/vector-icons/build/vendor/react-native-vector-icons/Fonts/FontAwesome6_Regular.ttf ... 
2025-09-19 06:09:54 +0000  67976 bytes for ./Payload/TennisServeAnalyzer.app/assets/node_modules/@expo/vector-icons/build/vendor/react-native-vector-icons/Fonts/FontAwesome6_Regular.ttf
2025-09-19 06:09:54 +0000  copying file ./Payload/TennisServeAnalyzer.app/assets/node_modules/@expo/vector-icons/build/vendor/react-native-vector-icons/Fonts/Entypo.ttf ... 
2025-09-19 06:09:54 +0000  66200 bytes for ./Payload/TennisServeAnalyzer.app/assets/node_modules/@expo/vector-icons/build/vendor/react-native-vector-icons/Fonts/Entypo.ttf
2025-09-19 06:09:54 +0000  copying file ./Payload/TennisServeAnalyzer.app/assets/node_modules/@expo/vector-icons/build/vendor/react-native-vector-icons/Fonts/FontAwesome5_Brands.ttf ... 
2025-09-19 06:09:54 +0000  134040 bytes for ./Payload/TennisServeAnalyzer.app/assets/node_modules/@expo/vector-icons/build/vendor/react-native-vector-icons/Fonts/FontAwesome5_Brands.ttf
2025-09-19 06:09:54 +0000  copying file ./Payload/TennisServeAnalyzer.app/assets/node_modules/@expo/vector-icons/build/vendor/react-native-vector-icons/Fonts/MaterialCommunityIcons.ttf ... 
2025-09-19 06:09:54 +0000  1147844 bytes for ./Payload/TennisServeAnalyzer.app/assets/node_modules/@expo/vector-icons/build/vendor/react-native-vector-icons/Fonts/MaterialCommunityIcons.ttf
2025-09-19 06:09:54 +0000  copying file ./Payload/TennisServeAnalyzer.app/assets/node_modules/@expo/vector-icons/build/vendor/react-native-vector-icons/Fonts/AntDesign.ttf ... 
2025-09-19 06:09:54 +0000  70344 bytes for ./Payload/TennisServeAnalyzer.app/assets/node_modules/@expo/vector-icons/build/vendor/react-native-vector-icons/Fonts/AntDesign.ttf
2025-09-19 06:09:54 +0000  copying file ./Payload/TennisServeAnalyzer.app/assets/node_modules/@expo/vector-icons/build/vendor/react-native-vector-icons/Fonts/Foundation.ttf ... 
2025-09-19 06:09:54 +0000  56976 bytes for ./Payload/TennisServeAnalyzer.app/assets/node_modules/@expo/vector-icons/build/vendor/react-native-vector-icons/Fonts/Foundation.ttf
2025-09-19 06:09:54 +0000  copying file ./Payload/TennisServeAnalyzer.app/assets/node_modules/@expo/vector-icons/build/vendor/react-native-vector-icons/Fonts/Ionicons.ttf ... 
2025-09-19 06:09:54 +0000  442604 bytes for ./Payload/TennisServeAnalyzer.app/assets/node_modules/@expo/vector-icons/build/vendor/react-native-vector-icons/Fonts/Ionicons.ttf
2025-09-19 06:09:54 +0000  copying file ./Payload/TennisServeAnalyzer.app/assets/node_modules/@expo/vector-icons/build/vendor/react-native-vector-icons/Fonts/FontAwesome5_Solid.ttf ... 
2025-09-19 06:09:54 +0000  202744 bytes for ./Payload/TennisServeAnalyzer.app/assets/node_modules/@expo/vector-icons/build/vendor/react-native-vector-icons/Fonts/FontAwesome5_Solid.ttf
2025-09-19 06:09:54 +0000  copying file ./Payload/TennisServeAnalyzer.app/assets/node_modules/@expo/vector-icons/build/vendor/react-native-vector-icons/Fonts/FontAwesome5_Regular.ttf ... 
2025-09-19 06:09:54 +0000  33736 bytes for ./Payload/TennisServeAnalyzer.app/assets/node_modules/@expo/vector-icons/build/vendor/react-native-vector-icons/Fonts/FontAwesome5_Regular.ttf
2025-09-19 06:09:54 +0000  copying file ./Payload/TennisServeAnalyzer.app/assets/node_modules/@expo/vector-icons/build/vendor/react-native-vector-icons/Fonts/FontAwesome.ttf ... 
2025-09-19 06:09:54 +0000  165548 bytes for ./Payload/TennisServeAnalyzer.app/assets/node_modules/@expo/vector-icons/build/vendor/react-native-vector-icons/Fonts/FontAwesome.ttf
2025-09-19 06:09:54 +0000  copying file ./Payload/TennisServeAnalyzer.app/assets/node_modules/@expo/vector-icons/build/vendor/react-native-vector-icons/Fonts/Zocial.ttf ... 
2025-09-19 06:09:54 +0000  25788 bytes for ./Payload/TennisServeAnalyzer.app/assets/node_modules/@expo/vector-icons/build/vendor/react-native-vector-icons/Fonts/Zocial.ttf
2025-09-19 06:09:54 +0000  copying file ./Payload/TennisServeAnalyzer.app/assets/node_modules/@expo/vector-icons/build/vendor/react-native-vector-icons/Fonts/EvilIcons.ttf ... 
2025-09-19 06:09:54 +0000  13456 bytes for ./Payload/TennisServeAnalyzer.app/assets/node_modules/@expo/vector-icons/build/vendor/react-native-vector-icons/Fonts/EvilIcons.ttf
2025-09-19 06:09:54 +0000  copying file ./Payload/TennisServeAnalyzer.app/assets/node_modules/@expo/vector-icons/build/vendor/react-native-vector-icons/Fonts/FontAwesome6_Solid.ttf ... 
2025-09-19 06:09:55 +0000  423676 bytes for ./Payload/TennisServeAnalyzer.app/assets/node_modules/@expo/vector-icons/build/vendor/react-native-vector-icons/Fonts/FontAwesome6_Solid.ttf
2025-09-19 06:09:55 +0000  copying file ./Payload/TennisServeAnalyzer.app/assets/node_modules/@expo/vector-icons/build/vendor/react-native-vector-icons/Fonts/SimpleLineIcons.ttf ... 
2025-09-19 06:09:55 +0000  54056 bytes for ./Payload/TennisServeAnalyzer.app/assets/node_modules/@expo/vector-icons/build/vendor/react-native-vector-icons/Fonts/SimpleLineIcons.ttf
2025-09-19 06:09:55 +0000  copying file ./Payload/TennisServeAnalyzer.app/assets/node_modules/@expo/vector-icons/build/vendor/react-native-vector-icons/Fonts/FontAwesome6_Brands.ttf ... 
2025-09-19 06:09:55 +0000  209376 bytes for ./Payload/TennisServeAnalyzer.app/assets/node_modules/@expo/vector-icons/build/vendor/react-native-vector-icons/Fonts/FontAwesome6_Brands.ttf
2025-09-19 06:09:55 +0000  copying file ./Payload/TennisServeAnalyzer.app/assets/node_modules/@expo/vector-icons/build/vendor/react-native-vector-icons/Fonts/MaterialIcons.ttf ... 
2025-09-19 06:09:55 +0000  356840 bytes for ./Payload/TennisServeAnalyzer.app/assets/node_modules/@expo/vector-icons/build/vendor/react-native-vector-icons/Fonts/MaterialIcons.ttf
2025-09-19 06:09:55 +0000  copying file ./Payload/TennisServeAnalyzer.app/assets/assets/images/camera_guide.png ... 
2025-09-19 06:09:55 +0000  2048250 bytes for ./Payload/TennisServeAnalyzer.app/assets/assets/images/camera_guide.png
2025-09-19 06:09:55 +0000  copying file ./Payload/TennisServeAnalyzer.app/assets/assets/tossup2.png ... 
2025-09-19 06:09:55 +0000  6021 bytes for ./Payload/TennisServeAnalyzer.app/assets/assets/tossup2.png
2025-09-19 06:09:55 +0000  copying file ./Payload/TennisServeAnalyzer.app/Info.plist ... 
2025-09-19 06:09:55 +0000  2365 bytes for ./Payload/TennisServeAnalyzer.app/Info.plist
2025-09-19 06:09:55 +0000  copying file ./Payload/TennisServeAnalyzer.app/Expo.plist ... 
2025-09-19 06:09:55 +0000  132 bytes for ./Payload/TennisServeAnalyzer.app/Expo.plist
2025-09-19 06:09:55 +0000  copying file ./Payload/TennisServeAnalyzer.app/RNCAsyncStorage_resources.bundle/PrivacyInfo.xcprivacy ... 
2025-09-19 06:09:55 +0000  512 bytes for ./Payload/TennisServeAnalyzer.app/RNCAsyncStorage_resources.bundle/PrivacyInfo.xcprivacy
2025-09-19 06:09:55 +0000  copying file ./Payload/TennisServeAnalyzer.app/RNCAsyncStorage_resources.bundle/Info.plist ... 
2025-09-19 06:09:55 +0000  793 bytes for ./Payload/TennisServeAnalyzer.app/RNCAsyncStorage_resources.bundle/Info.plist
2025-09-19 06:09:55 +0000  copying file ./Payload/TennisServeAnalyzer.app/PkgInfo ... 
2025-09-19 06:09:55 +0000  8 bytes for ./Payload/TennisServeAnalyzer.app/PkgInfo
2025-09-19 06:09:55 +0000  copying file ./Payload/TennisServeAnalyzer.app/MaterialIcons.ttf ... 
2025-09-19 06:09:55 +0000  356840 bytes for ./Payload/TennisServeAnalyzer.app/MaterialIcons.ttf
2025-09-19 06:09:55 +0000  copying file ./Payload/TennisServeAnalyzer.app/React-Core_privacy.bundle/PrivacyInfo.xcprivacy ... 
2025-09-19 06:09:55 +0000  768 bytes for ./Payload/TennisServeAnalyzer.app/React-Core_privacy.bundle/PrivacyInfo.xcprivacy
2025-09-19 06:09:55 +0000  copying file ./Payload/TennisServeAnalyzer.app/React-Core_privacy.bundle/Info.plist ... 
2025-09-19 06:09:55 +0000  781 bytes for ./Payload/TennisServeAnalyzer.app/React-Core_privacy.bundle/Info.plist
2025-09-19 06:09:55 +0000  copying file ./Symbols/968352A0-41AD-3F56-B445-944478FB524D.symbols ... 
2025-09-19 06:09:55 +0000  32369644 bytes for ./Symbols/968352A0-41AD-3F56-B445-944478FB524D.symbols
2025-09-19 06:09:55 +0000  /usr/bin/ditto exited with 0
2025-09-19 06:09:55 +0000  Processing step: IDEDistributionAppStoreInformationStep
2025-09-19 06:09:55 +0000  Skipping step: IDEDistributionAppStoreInformationStep because it said so
2025-09-19 06:09:55 +0000  Processing step: IDEDistributionGenerateProcessedDistributionItems
2025-09-19 06:09:55 +0000  IDEDistributionItem init <DVTFilePath:0x6000213a6a00:'/var/folders/g3/8p2fhk61683010h_lskf7sg80000gn/T/XcodeDistPipeline.~~~piCjJv/Root/Payload/TennisServeAnalyzer.app'>
2025-09-19 06:09:55 +0000  Processing step: IDEDistributionCreateManifestStep
2025-09-19 06:09:55 +0000  Skipping step: IDEDistributionCreateManifestStep because it said so
